<?xml version="1.0" encoding="UTF-8"?>
<!-- Generated by org.testng.reporters.JUnitXMLReporter -->
<testsuite hostname="LAPTOP-1016HSRS" ignored="2" name="Command line test" tests="2" failures="0" timestamp="21 Oct 2019 02:33:48 GMT" time="0.036" errors="0">
  <testcase name="@BeforeTest setUp" time="0.0" classname="com.test.facebook.BaseTest">
    <failure type="org.testng.TestNGException" message="
Parameter &amp;apos;browser&amp;apos; is required by BeforeTest on method setUp but has not been marked @Optional or defined
">
      <![CDATA[org.testng.TestNGException: 
Parameter 'browser' is required by BeforeTest on method setUp but has not been marked @Optional or defined

... Removed 31 stack frames]]>
    </failure>
  </testcase> <!-- @BeforeTest setUp -->
  <testcase name="@AfterTest tearDown" time="0.0" classname="com.test.facebook.BaseTest">
    <skipped/>
  </testcase> <!-- @AfterTest tearDown -->
  <testcase name="loginTest" time="0.0" classname="com.test.facebook.LoginTest">
    <skipped/>
  </testcase> <!-- loginTest -->
  <testcase name="verifyfacebookLoginHeader" time="0.0" classname="com.test.facebook.LoginTest">
    <skipped/>
  </testcase> <!-- verifyfacebookLoginHeader -->
  <testcase name="@AfterTest tearDown" time="0.0" classname="com.test.facebook.BaseTest">
    <ignored/>
  </testcase> <!-- @AfterTest tearDown -->
  <testcase name="@BeforeTest setUp" time="0.0" classname="com.test.facebook.BaseTest">
    <ignored/>
  </testcase> <!-- @BeforeTest setUp -->
</testsuite> <!-- Command line test -->
